<?xml version="1.0" encoding="UTF-8"?>
<!-- Generated by org.testng.reporters.JUnitReportReporter -->
<testsuite skipped="0" hostname="Naseem-PC" name="com.bit.test.RESTAPITest" tests="2" failures="0" timestamp="2021-02-18T08:54:35 EST" time="0.004" errors="0">
  <testcase name="deleteTwitter" time="0.002" classname="com.bit.test.RESTAPITest"/>
  <system-out/>
  <testcase name="postjira" time="0.002" classname="com.bit.test.RESTAPITest"/>
  <system-out/>
</testsuite> <!-- com.bit.test.RESTAPITest -->
