<?xml version="1.0" encoding="UTF-8"?>
<!-- Generated by org.testng.reporters.JUnitReportReporter -->
<testsuite skipped="0" hostname="Naseem-PC" name="com.bit.test.AppiumTest" tests="2" failures="0" timestamp="2021-02-18T08:54:35 EST" time="0.013" errors="0">
  <testcase name="NativeAPpAndroid" time="0.003" classname="com.bit.test.AppiumTest"/>
  <system-out/>
  <testcase name="IOSApps" time="0.010" classname="com.bit.test.AppiumTest"/>
  <system-out/>
</testsuite> <!-- com.bit.test.AppiumTest -->
